<?xml version="1.0" encoding="UTF-8"?>
<testng-results ignored="0" total="2" passed="2" failed="0" skipped="0">
  <reporter-output>
  </reporter-output>
  <suite started-at="2022-10-28T11:40:32 IST" name="Default suite" finished-at="2022-10-28T11:40:49 IST" duration-ms="16452">
    <groups>
    </groups>
    <test started-at="2022-10-28T11:40:32 IST" name="Default test" finished-at="2022-10-28T11:40:49 IST" duration-ms="16452">
      <class name="tests.Sikuli_YouTube">
        <test-method is-config="true" signature="beforeClassExecute()[pri:0, instance:tests.Sikuli_YouTube@7d8995e]" started-at="2022-10-28T11:40:32 IST" name="beforeClassExecute" finished-at="2022-10-28T11:40:38 IST" duration-ms="5527" status="PASS">
          <reporter-output>
          </reporter-output>
        </test-method> <!-- beforeClassExecute -->
        <test-method signature="Test01()[pri:0, instance:tests.Sikuli_YouTube@7d8995e]" started-at="2022-10-28T11:40:38 IST" name="Test01" finished-at="2022-10-28T11:40:43 IST" duration-ms="4789" status="PASS">
          <reporter-output>
          </reporter-output>
        </test-method> <!-- Test01 -->
        <test-method signature="Test02()[pri:0, instance:tests.Sikuli_YouTube@7d8995e]" started-at="2022-10-28T11:40:43 IST" name="Test02" finished-at="2022-10-28T11:40:49 IST" duration-ms="6049" status="PASS">
          <reporter-output>
          </reporter-output>
        </test-method> <!-- Test02 -->
      </class> <!-- tests.Sikuli_YouTube -->
    </test> <!-- Default test -->
  </suite> <!-- Default suite -->
</testng-results>
